<?xml version="1.0" encoding="UTF-8"?>
<testng-results ignored="0" total="1" passed="1" failed="0" skipped="0">
  <reporter-output>
  </reporter-output>
  <suite started-at="2024-09-20T10:32:22 IST" name="Suite" finished-at="2024-09-20T10:32:29 IST" duration-ms="7559">
    <groups>
    </groups>
    <test started-at="2024-09-20T10:32:22 IST" name="Test" finished-at="2024-09-20T10:32:29 IST" duration-ms="7559">
      <class name="testCases.TC001_AccountRegistrationTest">
        <test-method is-config="true" signature="setup()[pri:0, instance:testCases.TC001_AccountRegistrationTest@1583741e]" started-at="2024-09-20T10:32:22 IST" name="setup" finished-at="2024-09-20T10:32:27 IST" duration-ms="4816" status="PASS">
          <reporter-output>
          </reporter-output>
        </test-method> <!-- setup -->
        <test-method signature="verify_Account_Registration()[pri:0, instance:testCases.TC001_AccountRegistrationTest@1583741e]" started-at="2024-09-20T10:32:27 IST" name="verify_Account_Registration" finished-at="2024-09-20T10:32:29 IST" duration-ms="2338" status="PASS">
          <reporter-output>
          </reporter-output>
        </test-method> <!-- verify_Account_Registration -->
        <test-method is-config="true" signature="tearDown()[pri:0, instance:testCases.TC001_AccountRegistrationTest@1583741e]" started-at="2024-09-20T10:32:29 IST" name="tearDown" finished-at="2024-09-20T10:32:29 IST" duration-ms="343" status="PASS">
          <reporter-output>
          </reporter-output>
        </test-method> <!-- tearDown -->
      </class> <!-- testCases.TC001_AccountRegistrationTest -->
    </test> <!-- Test -->
  </suite> <!-- Suite -->
</testng-results>
