<?xml version="1.0" encoding="UTF-8"?>
<testng-results ignored="0" total="1" passed="1" failed="0" skipped="0">
  <reporter-output>
  </reporter-output>
  <suite started-at="2024-09-25T18:44:27 IST" name="Suite" finished-at="2024-09-25T18:44:44 IST" duration-ms="16677">
    <groups>
    </groups>
    <test started-at="2024-09-25T18:44:27 IST" name="Test" finished-at="2024-09-25T18:44:44 IST" duration-ms="16677">
      <class name="testCases.TC003_EditAccountTest">
        <test-method is-config="true" signature="setup()[pri:0, instance:testCases.TC003_EditAccountTest@6c2ed0cd]" started-at="2024-09-25T18:44:27 IST" name="setup" finished-at="2024-09-25T18:44:35 IST" duration-ms="7774" status="PASS">
          <reporter-output>
          </reporter-output>
        </test-method> <!-- setup -->
        <test-method signature="verify_EditAccount()[pri:0, instance:testCases.TC003_EditAccountTest@6c2ed0cd]" started-at="2024-09-25T18:44:35 IST" name="verify_EditAccount" finished-at="2024-09-25T18:44:44 IST" duration-ms="8448" status="PASS">
          <reporter-output>
          </reporter-output>
        </test-method> <!-- verify_EditAccount -->
        <test-method is-config="true" signature="tearDown()[pri:0, instance:testCases.TC003_EditAccountTest@6c2ed0cd]" started-at="2024-09-25T18:44:44 IST" name="tearDown" finished-at="2024-09-25T18:44:44 IST" duration-ms="396" status="PASS">
          <reporter-output>
          </reporter-output>
        </test-method> <!-- tearDown -->
      </class> <!-- testCases.TC003_EditAccountTest -->
    </test> <!-- Test -->
  </suite> <!-- Suite -->
</testng-results>
