<?xml version="1.0" encoding="UTF-8"?>
<testng-results ignored="0" total="1" passed="1" failed="0" skipped="0">
  <reporter-output>
  </reporter-output>
  <suite started-at="2024-09-20T08:22:46 IST" name="Default suite" finished-at="2024-09-20T08:22:51 IST" duration-ms="5627">
    <groups>
    </groups>
    <test started-at="2024-09-20T08:22:46 IST" name="Default test" finished-at="2024-09-20T08:22:51 IST" duration-ms="5627">
      <class name="testCases.TC001_AccountRegistrationTest">
        <test-method is-config="true" signature="setup()[pri:0, instance:testCases.TC001_AccountRegistrationTest@7f0eb4b4]" started-at="2024-09-20T08:22:46 IST" name="setup" finished-at="2024-09-20T08:22:49 IST" duration-ms="3411" status="PASS">
          <reporter-output>
          </reporter-output>
        </test-method> <!-- setup -->
        <test-method signature="verify_Account_Registration()[pri:0, instance:testCases.TC001_AccountRegistrationTest@7f0eb4b4]" started-at="2024-09-20T08:22:49 IST" name="verify_Account_Registration" finished-at="2024-09-20T08:22:51 IST" duration-ms="1825" status="PASS">
          <reporter-output>
          </reporter-output>
        </test-method> <!-- verify_Account_Registration -->
        <test-method is-config="true" signature="tearDown()[pri:0, instance:testCases.TC001_AccountRegistrationTest@7f0eb4b4]" started-at="2024-09-20T08:22:51 IST" name="tearDown" finished-at="2024-09-20T08:22:51 IST" duration-ms="354" status="PASS">
          <reporter-output>
          </reporter-output>
        </test-method> <!-- tearDown -->
      </class> <!-- testCases.TC001_AccountRegistrationTest -->
    </test> <!-- Default test -->
  </suite> <!-- Default suite -->
</testng-results>
